<?xml version="1.0" encoding="UTF-8"?>
<!-- Generated by org.testng.reporters.JUnitReportReporter -->
<testsuite hostname="DESKTOP-T4BV0IS" failures="0" tests="1" name="testPackage.TestSeleniumTestNG" time="11.033" errors="0" timestamp="2022-06-13T08:22:29 EDT" skipped="0">
  <testcase classname="testPackage.TestSeleniumTestNG" name="testMethod" time="11.033"/>
  <system-out/>
</testsuite> <!-- testPackage.TestSeleniumTestNG -->
