<?xml version="1.0" encoding="UTF-8"?>
<!-- Generated by org.testng.reporters.JUnitReportReporter -->
<testsuite hostname="DESKTOP-T4BV0IS" failures="0" tests="1" name="progressisve.qa.test.AutoTest" time="6.580" errors="0" timestamp="2022-06-20T08:38:15 EDT" skipped="0">
  <testcase classname="progressisve.qa.test.AutoTest" name="autoTest" time="6.580"/>
  <system-out>
    <![CDATA[Element is Clicking[[ChromeDriver: chrome on WINDOWS (eaae86905588bcf48e1a7fbae2223358)] -> xpath: (//p[contains(text(),'Auto')])[1]]]]>
  </system-out>
</testsuite> <!-- progressisve.qa.test.AutoTest -->
