<?xml version="1.0" encoding="UTF-8"?>
<!-- Generated by org.testng.reporters.JUnitReportReporter -->
<testsuite hostname="DESKTOP-T4BV0IS" failures="0" tests="1" name="progressisve.qa.test.AutoTest" time="250.232" errors="0" timestamp="2022-07-13T09:33:47 EDT" skipped="0">
  <testcase classname="progressisve.qa.test.AutoTest" name="autoTest" time="250.232"/>
  <system-out>
    <![CDATA[Element is Clicking: [[ChromeDriver: chrome on WINDOWS (f064d94459dbde46d733d71ab3dd1464)] -> xpath: (//p[contains(text(),'Auto')])[1]]<br>
Element is not found[[ChromeDriver: chrome on WINDOWS (f064d94459dbde46d733d71ab3dd1464)] -> xpath: (//*[@name='ZipCode'])[1]]
element not interactable
  (Session info: chrome=102.0.5005.115)
Build info: version: '4.2.1', revision: 'ac4d0fdd4a'
System info: host: 'DESKTOP-T4BV0IS', ip: '192.168.68.124', os.name: 'Windows 10', os.arch: 'amd64', os.version: '10.0', java.version: '17.0.2'
Driver info: org.openqa.selenium.chrome.ChromeDriver
Command: [f064d94459dbde46d733d71ab3dd1464, sendKeysToElement {id=25edf49c-15e0-4600-b47e-973f6b812ec7, value=[Ljava.lang.CharSequence;@4d41ba0f}]
Capabilities {acceptInsecureCerts: false, browserName: chrome, browserVersion: 102.0.5005.115, chrome: {chromedriverVersion: 102.0.5005.61 (0e59bcc00cc4..., userDataDir: C:\Users\Beloved\AppData\Lo...}, goog:chromeOptions: {debuggerAddress: localhost:50812}, networkConnectionEnabled: false, pageLoadStrategy: normal, platformName: WINDOWS, proxy: Proxy(), se:cdp: ws://localhost:50812/devtoo..., se:cdpVersion: 102.0.5005.115, setWindowRect: true, strictFileInteractability: false, timeouts: {implicit: 0, pageLoad: 300000, script: 30000}, unhandledPromptBehavior: dismiss and notify, webauthn:extension:credBlob: true, webauthn:extension:largeBlob: true, webauthn:virtualAuthenticators: true}
Element: [[ChromeDriver: chrome on WINDOWS (f064d94459dbde46d733d71ab3dd1464)] -> xpath: (//*[@name='ZipCode'])[1]]
Session ID: f064d94459dbde46d733d71ab3dd1464
Element is unable to click[[ChromeDriver: chrome on WINDOWS (f064d94459dbde46d733d71ab3dd1464)] -> xpath: (//input[@id='qsButton_overlay'])[1]]
Expected condition failed: waiting for element to be clickable: [[ChromeDriver: chrome on WINDOWS (f064d94459dbde46d733d71ab3dd1464)] -> xpath: (//input[@id='qsButton_overlay'])[1]] (tried for 5 second(s) with 500 milliseconds interval)
Build info: version: '4.2.1', revision: 'ac4d0fdd4a'
System info: host: 'DESKTOP-T4BV0IS', ip: '192.168.68.124', os.name: 'Windows 10', os.arch: 'amd64', os.version: '10.0', java.version: '17.0.2'
Driver info: org.openqa.selenium.chrome.ChromeDriver
Capabilities {acceptInsecureCerts: false, browserName: chrome, browserVersion: 102.0.5005.115, chrome: {chromedriverVersion: 102.0.5005.61 (0e59bcc00cc4..., userDataDir: C:\Users\Beloved\AppData\Lo...}, goog:chromeOptions: {debuggerAddress: localhost:50812}, networkConnectionEnabled: false, pageLoadStrategy: normal, platformName: WINDOWS, proxy: Proxy(), se:cdp: ws://localhost:50812/devtoo..., se:cdpVersion: 102.0.5005.115, setWindowRect: true, strictFileInteractability: false, timeouts: {implicit: 0, pageLoad: 300000, script: 30000}, unhandledPromptBehavior: dismiss and notify, webauthn:extension:credBlob: true, webauthn:extension:largeBlob: true, webauthn:virtualAuthenticators: true}
Session ID: f064d94459dbde46d733d71ab3dd1464
Element is not foundProxy element for: DefaultElementLocator 'By.id: NameAndAddressEdit_embedded_questions_list_FirstName'
no such element: Unable to locate element: {"method":"css selector","selector":"#NameAndAddressEdit_embedded_questions_list_FirstName"}
  (Session info: chrome=102.0.5005.115)
For documentation on this error, please visit: https://selenium.dev/exceptions/#no_such_element
Build info: version: '4.2.1', revision: 'ac4d0fdd4a'
System info: host: 'DESKTOP-T4BV0IS', ip: '192.168.68.124', os.name: 'Windows 10', os.arch: 'amd64', os.version: '10.0', java.version: '17.0.2'
Driver info: org.openqa.selenium.chrome.ChromeDriver
Command: [f064d94459dbde46d733d71ab3dd1464, findElement {using=id, value=NameAndAddressEdit_embedded_questions_list_FirstName}]
Capabilities {acceptInsecureCerts: false, browserName: chrome, browserVersion: 102.0.5005.115, chrome: {chromedriverVersion: 102.0.5005.61 (0e59bcc00cc4..., userDataDir: C:\Users\Beloved\AppData\Lo...}, goog:chromeOptions: {debuggerAddress: localhost:50812}, networkConnectionEnabled: false, pageLoadStrategy: normal, platformName: WINDOWS, proxy: Proxy(), se:cdp: ws://localhost:50812/devtoo..., se:cdpVersion: 102.0.5005.115, setWindowRect: true, strictFileInteractability: false, timeouts: {implicit: 0, pageLoad: 300000, script: 30000}, unhandledPromptBehavior: dismiss and notify, webauthn:extension:credBlob: true, webauthn:extension:largeBlob: true, webauthn:virtualAuthenticators: true}
Session ID: f064d94459dbde46d733d71ab3dd1464
Element is not foundProxy element for: DefaultElementLocator 'By.id: NameAndAddressEdit_embedded_questions_list_MiddleInitial'
no such element: Unable to locate element: {"method":"css selector","selector":"#NameAndAddressEdit_embedded_questions_list_MiddleInitial"}
  (Session info: chrome=102.0.5005.115)
For documentation on this error, please visit: https://selenium.dev/exceptions/#no_such_element
Build info: version: '4.2.1', revision: 'ac4d0fdd4a'
System info: host: 'DESKTOP-T4BV0IS', ip: '192.168.68.124', os.name: 'Windows 10', os.arch: 'amd64', os.version: '10.0', java.version: '17.0.2'
Driver info: org.openqa.selenium.chrome.ChromeDriver
Command: [f064d94459dbde46d733d71ab3dd1464, findElement {using=id, value=NameAndAddressEdit_embedded_questions_list_MiddleInitial}]
Capabilities {acceptInsecureCerts: false, browserName: chrome, browserVersion: 102.0.5005.115, chrome: {chromedriverVersion: 102.0.5005.61 (0e59bcc00cc4..., userDataDir: C:\Users\Beloved\AppData\Lo...}, goog:chromeOptions: {debuggerAddress: localhost:50812}, networkConnectionEnabled: false, pageLoadStrategy: normal, platformName: WINDOWS, proxy: Proxy(), se:cdp: ws://localhost:50812/devtoo..., se:cdpVersion: 102.0.5005.115, setWindowRect: true, strictFileInteractability: false, timeouts: {implicit: 0, pageLoad: 300000, script: 30000}, unhandledPromptBehavior: dismiss and notify, webauthn:extension:credBlob: true, webauthn:extension:largeBlob: true, webauthn:virtualAuthenticators: true}
Session ID: f064d94459dbde46d733d71ab3dd1464
Element is not foundProxy element for: DefaultElementLocator 'By.id: NameAndAddressEdit_embedded_questions_list_LastName'
no such element: Unable to locate element: {"method":"css selector","selector":"#NameAndAddressEdit_embedded_questions_list_LastName"}
  (Session info: chrome=102.0.5005.115)
For documentation on this error, please visit: https://selenium.dev/exceptions/#no_such_element
Build info: version: '4.2.1', revision: 'ac4d0fdd4a'
System info: host: 'DESKTOP-T4BV0IS', ip: '192.168.68.124', os.name: 'Windows 10', os.arch: 'amd64', os.version: '10.0', java.version: '17.0.2'
Driver info: org.openqa.selenium.chrome.ChromeDriver
Command: [f064d94459dbde46d733d71ab3dd1464, findElement {using=id, value=NameAndAddressEdit_embedded_questions_list_LastName}]
Capabilities {acceptInsecureCerts: false, browserName: chrome, browserVersion: 102.0.5005.115, chrome: {chromedriverVersion: 102.0.5005.61 (0e59bcc00cc4..., userDataDir: C:\Users\Beloved\AppData\Lo...}, goog:chromeOptions: {debuggerAddress: localhost:50812}, networkConnectionEnabled: false, pageLoadStrategy: normal, platformName: WINDOWS, proxy: Proxy(), se:cdp: ws://localhost:50812/devtoo..., se:cdpVersion: 102.0.5005.115, setWindowRect: true, strictFileInteractability: false, timeouts: {implicit: 0, pageLoad: 300000, script: 30000}, unhandledPromptBehavior: dismiss and notify, webauthn:extension:credBlob: true, webauthn:extension:largeBlob: true, webauthn:virtualAuthenticators: true}
Session ID: f064d94459dbde46d733d71ab3dd1464
Locator is not foundProxy element for: DefaultElementLocator 'By.id: NameAndAddressEdit_embedded_questions_list_Suffix'
Expected condition failed: waiting for visibility of Proxy element for: DefaultElementLocator 'By.id: NameAndAddressEdit_embedded_questions_list_Suffix' (tried for 5 second(s) with 500 milliseconds interval)
Element is not foundProxy element for: DefaultElementLocator 'By.id: NameAndAddressEdit_embedded_questions_list_DateOfBirth'
no such element: Unable to locate element: {"method":"css selector","selector":"#NameAndAddressEdit_embedded_questions_list_DateOfBirth"}
  (Session info: chrome=102.0.5005.115)
For documentation on this error, please visit: https://selenium.dev/exceptions/#no_such_element
Build info: version: '4.2.1', revision: 'ac4d0fdd4a'
System info: host: 'DESKTOP-T4BV0IS', ip: '192.168.68.124', os.name: 'Windows 10', os.arch: 'amd64', os.version: '10.0', java.version: '17.0.2'
Driver info: org.openqa.selenium.chrome.ChromeDriver
Command: [f064d94459dbde46d733d71ab3dd1464, findElement {using=id, value=NameAndAddressEdit_embedded_questions_list_DateOfBirth}]
Capabilities {acceptInsecureCerts: false, browserName: chrome, browserVersion: 102.0.5005.115, chrome: {chromedriverVersion: 102.0.5005.61 (0e59bcc00cc4..., userDataDir: C:\Users\Beloved\AppData\Lo...}, goog:chromeOptions: {debuggerAddress: localhost:50812}, networkConnectionEnabled: false, pageLoadStrategy: normal, platformName: WINDOWS, proxy: Proxy(), se:cdp: ws://localhost:50812/devtoo..., se:cdpVersion: 102.0.5005.115, setWindowRect: true, strictFileInteractability: false, timeouts: {implicit: 0, pageLoad: 300000, script: 30000}, unhandledPromptBehavior: dismiss and notify, webauthn:extension:credBlob: true, webauthn:extension:largeBlob: true, webauthn:virtualAuthenticators: true}
Session ID: f064d94459dbde46d733d71ab3dd1464
Element is not foundProxy element for: DefaultElementLocator 'By.id: NameAndAddressEdit_embedded_questions_list_MailingAddress'
no such element: Unable to locate element: {"method":"css selector","selector":"#NameAndAddressEdit_embedded_questions_list_MailingAddress"}
  (Session info: chrome=102.0.5005.115)
For documentation on this error, please visit: https://selenium.dev/exceptions/#no_such_element
Build info: version: '4.2.1', revision: 'ac4d0fdd4a'
System info: host: 'DESKTOP-T4BV0IS', ip: '192.168.68.124', os.name: 'Windows 10', os.arch: 'amd64', os.version: '10.0', java.version: '17.0.2'
Driver info: org.openqa.selenium.chrome.ChromeDriver
Command: [f064d94459dbde46d733d71ab3dd1464, findElement {using=id, value=NameAndAddressEdit_embedded_questions_list_MailingAddress}]
Capabilities {acceptInsecureCerts: false, browserName: chrome, browserVersion: 102.0.5005.115, chrome: {chromedriverVersion: 102.0.5005.61 (0e59bcc00cc4..., userDataDir: C:\Users\Beloved\AppData\Lo...}, goog:chromeOptions: {debuggerAddress: localhost:50812}, networkConnectionEnabled: false, pageLoadStrategy: normal, platformName: WINDOWS, proxy: Proxy(), se:cdp: ws://localhost:50812/devtoo..., se:cdpVersion: 102.0.5005.115, setWindowRect: true, strictFileInteractability: false, timeouts: {implicit: 0, pageLoad: 300000, script: 30000}, unhandledPromptBehavior: dismiss and notify, webauthn:extension:credBlob: true, webauthn:extension:largeBlob: true, webauthn:virtualAuthenticators: true}
Session ID: f064d94459dbde46d733d71ab3dd1464
Element is not foundProxy element for: DefaultElementLocator 'By.id: id="NameAndAddressEdit_embedded_questions_list_ApartmentUnit"'
no such element: Unable to locate element: {"method":"css selector","selector":"#id\=\"NameAndAddressEdit_embedded_questions_list_ApartmentUnit\""}
  (Session info: chrome=102.0.5005.115)
For documentation on this error, please visit: https://selenium.dev/exceptions/#no_such_element
Build info: version: '4.2.1', revision: 'ac4d0fdd4a'
System info: host: 'DESKTOP-T4BV0IS', ip: '192.168.68.124', os.name: 'Windows 10', os.arch: 'amd64', os.version: '10.0', java.version: '17.0.2'
Driver info: org.openqa.selenium.chrome.ChromeDriver
Command: [f064d94459dbde46d733d71ab3dd1464, findElement {using=id, value=id="NameAndAddressEdit_embedded_questions_list_ApartmentUnit"}]
Capabilities {acceptInsecureCerts: false, browserName: chrome, browserVersion: 102.0.5005.115, chrome: {chromedriverVersion: 102.0.5005.61 (0e59bcc00cc4..., userDataDir: C:\Users\Beloved\AppData\Lo...}, goog:chromeOptions: {debuggerAddress: localhost:50812}, networkConnectionEnabled: false, pageLoadStrategy: normal, platformName: WINDOWS, proxy: Proxy(), se:cdp: ws://localhost:50812/devtoo..., se:cdpVersion: 102.0.5005.115, setWindowRect: true, strictFileInteractability: false, timeouts: {implicit: 0, pageLoad: 300000, script: 30000}, unhandledPromptBehavior: dismiss and notify, webauthn:extension:credBlob: true, webauthn:extension:largeBlob: true, webauthn:virtualAuthenticators: true}
Session ID: f064d94459dbde46d733d71ab3dd1464
Element is not foundProxy element for: DefaultElementLocator 'By.id: NameAndAddressEdit_embedded_questions_list_City'
no such element: Unable to locate element: {"method":"css selector","selector":"#NameAndAddressEdit_embedded_questions_list_City"}
  (Session info: chrome=102.0.5005.115)
For documentation on this error, please visit: https://selenium.dev/exceptions/#no_such_element
Build info: version: '4.2.1', revision: 'ac4d0fdd4a'
System info: host: 'DESKTOP-T4BV0IS', ip: '192.168.68.124', os.name: 'Windows 10', os.arch: 'amd64', os.version: '10.0', java.version: '17.0.2'
Driver info: org.openqa.selenium.chrome.ChromeDriver
Command: [f064d94459dbde46d733d71ab3dd1464, findElement {using=id, value=NameAndAddressEdit_embedded_questions_list_City}]
Capabilities {acceptInsecureCerts: false, browserName: chrome, browserVersion: 102.0.5005.115, chrome: {chromedriverVersion: 102.0.5005.61 (0e59bcc00cc4..., userDataDir: C:\Users\Beloved\AppData\Lo...}, goog:chromeOptions: {debuggerAddress: localhost:50812}, networkConnectionEnabled: false, pageLoadStrategy: normal, platformName: WINDOWS, proxy: Proxy(), se:cdp: ws://localhost:50812/devtoo..., se:cdpVersion: 102.0.5005.115, setWindowRect: true, strictFileInteractability: false, timeouts: {implicit: 0, pageLoad: 300000, script: 30000}, unhandledPromptBehavior: dismiss and notify, webauthn:extension:credBlob: true, webauthn:extension:largeBlob: true, webauthn:virtualAuthenticators: true}
Session ID: f064d94459dbde46d733d71ab3dd1464
Element not foundProxy element for: DefaultElementLocator 'By.tagName: checkbox-input'
Expected condition failed: waiting for visibility of Proxy element for: DefaultElementLocator 'By.tagName: checkbox-input' (tried for 5 second(s) with 500 milliseconds interval)
Element is unable to clickProxy element for: DefaultElementLocator 'By.className: blue'
Expected condition failed: waiting for element to be clickable: Proxy element for: DefaultElementLocator 'By.className: blue' (tried for 5 second(s) with 500 milliseconds interval)]]>
  </system-out>
</testsuite> <!-- progressisve.qa.test.AutoTest -->
